================================================================================
JobID = 3274924
User = egadegu, Account = all
Partition = fat-fmz, Nodelist = gwda024
================================================================================
WARN [2020-02-27T12:59:53,135]  [Globals.java:138] [main]  Development mode is enabled
Not including fragment map
Start preprocess
Writing header
Writing body
.Randomization errors encountered: 0 no map found, 0 two different maps found
.
Writing footer

Finished preprocess
Done creating .hic file. Normalization not calculated due to -n flag.
To run normalization, run: juicebox addNorm <hicfile>
============ Job Information ===================================================
Submitted: 2020-02-26T00:09:43
Started: 2020-02-27T12:52:04
Ended: 2020-02-27T13:02:15
Elapsed: 11 mim, Limit: 720 min, Difference: 709 min
CPUs: 8, Nodes: 1
================================================================================
