================================================================================
JobID = 3274817
User = egadegu, Account = all
Partition = fat-fmz, Nodelist = gwda024
================================================================================
WARN [2020-02-27T12:48:01,748]  [Globals.java:138] [main]  Development mode is enabled
Not including fragment map
Start preprocess
Writing header
Writing body
.Randomization errors encountered: 0 no map found, 0 two different maps found
.
Writing footer

Finished preprocess
Done creating .hic file. Normalization not calculated due to -n flag.
To run normalization, run: juicebox addNorm <hicfile>
============ Job Information ===================================================
Submitted: 2020-02-26T00:09:43
Started: 2020-02-27T12:40:06
Ended: 2020-02-27T12:51:08
Elapsed: 12 mim, Limit: 720 min, Difference: 708 min
CPUs: 8, Nodes: 1
================================================================================
