================================================================================
JobID = 3276523
User = egadegu, Account = all
Partition = fat-fmz, Nodelist = gwda024
================================================================================
WARN [2020-02-27T15:17:12,645]  [Globals.java:138] [main]  Development mode is enabled
Not including fragment map
Start preprocess
Writing header
Writing body
.Randomization errors encountered: 0 no map found, 0 two different maps found
.
Writing footer

Finished preprocess
Done creating .hic file. Normalization not calculated due to -n flag.
To run normalization, run: juicebox addNorm <hicfile>
============ Job Information ===================================================
Submitted: 2020-02-26T00:09:43
Started: 2020-02-27T15:14:46
Ended: 2020-02-27T15:17:49
Elapsed: 4 mim, Limit: 720 min, Difference: 716 min
CPUs: 8, Nodes: 1
============= ProfiT-HPC =======================================================
To generate the ProfiT-HPC text report, run the following command
profit-hpc 3254208_79
================================================================================
