================================================================================
JobID = 3273386
User = egadegu, Account = all
Partition = fat-fmz, Nodelist = gwda043
================================================================================
WARN [2020-02-27T10:35:26,728]  [Globals.java:138] [main]  Development mode is enabled
Not including fragment map
Start preprocess
Writing header
Writing body
.Randomization errors encountered: 0 no map found, 0 two different maps found
.
Writing footer

Finished preprocess
Done creating .hic file. Normalization not calculated due to -n flag.
To run normalization, run: juicebox addNorm <hicfile>
============ Job Information ===================================================
Submitted: 2020-02-26T00:09:43
Started: 2020-02-27T10:24:54
Ended: 2020-02-27T10:37:50
Elapsed: 13 mim, Limit: 720 min, Difference: 707 min
CPUs: 8, Nodes: 1
================================================================================
