================================================================================
JobID = 3275644
User = egadegu, Account = all
Partition = fat-fmz, Nodelist = gwda024
================================================================================
WARN [2020-02-27T14:10:32,440]  [Globals.java:138] [main]  Development mode is enabled
Not including fragment map
Start preprocess
Writing header
Writing body
.Randomization errors encountered: 0 no map found, 0 two different maps found
.
Writing footer

Finished preprocess
Done creating .hic file. Normalization not calculated due to -n flag.
To run normalization, run: juicebox addNorm <hicfile>
============ Job Information ===================================================
Submitted: 2020-02-26T00:09:43
Started: 2020-02-27T14:08:41
Ended: 2020-02-27T14:11:00
Elapsed: 3 mim, Limit: 720 min, Difference: 717 min
CPUs: 8, Nodes: 1
================================================================================
